{
  "Chest": {
    "frame": {
      "x": [
        1.0,
        5.398191338379377e-10,
        2.582260183459084e-09
      ],
      "y": [
        -2.020605904817785e-14,
        0.9788418412208557,
        -0.2046181857585907
      ],
      "z": [
        -2.6380810869142124e-09,
        0.2046181857585907,
        0.9788418412208557
      ]
    },
    "head": [
      1.9116803695595763e-09,
      -0.016435928642749786,
      1.3261924982070923
    ],
    "head_local": [
      0.0,
      0.0,
      -0.0
    ],
    "parent_name": "Mid",
    "tail": [
      5.8072462394420654e-09,
      0.020692329853773117,
      1.632614016532898
    ],
    "tail_local": [
      -6.217248937900877e-15,
      0.3021319508552551,
      -0.06315799802541733
    ]
  },
  "Forearm.L": {
    "frame": {
      "x": [
        1.0,
        -4.210399140447407e-09,
        -5.709316752700033e-08
      ],
      "y": [
        2.3483488931219654e-08,
        0.9396927356719971,
        0.34202006459236145
      ],
      "z": [
        5.220999454991215e-08,
        -0.34202006459236145,
        0.9396926760673523
      ]
    },
    "head": [
      0.48057126998901367,
      0.10300503671169281,
      1.636237621307373
    ],
    "head_local": [
      0.0,
      0.0,
      0.0
    ],
    "parent_name": "UpperArm.L",
    "tail": [
      0.7385410070419312,
      0.05751878023147583,
      1.636237621307373
    ],
    "tail_local": [
      6.151481546368132e-09,
      0.24615176022052765,
      0.08959188312292099
    ]
  },
  "Forearm.R": {
    "frame": {
      "x": [
        1.0,
        2.0461733640786406e-08,
        1.3129562148606055e-07
      ],
      "y": [
        -6.413343101030478e-08,
        0.9396927356719971,
        0.3420196771621704
      ],
      "z": [
        -1.1637923336138556e-07,
        -0.3420196771621704,
        0.9396927952766418
      ]
    },
    "head": [
      -0.48057088255882263,
      0.1030050739645958,
      1.636237621307373
    ],
    "head_local": [
      0.0,
      0.0,
      0.0
    ],
    "parent_name": "UpperArm.R",
    "tail": [
      -0.738540530204773,
      0.05751895159482956,
      1.636237621307373
    ],
    "tail_local": [
      -1.6799697633018695e-08,
      0.24615171551704407,
      0.08959176391363144
    ]
  },
  "Mid": {
    "frame": {
      "x": [
        1.0,
        1.1008287614799883e-09,
        -1.284649986388331e-08
      ],
      "y": [
        1.2893578649197934e-08,
        -0.08539004623889923,
        0.9963476061820984
      ],
      "z": [
        -1.5485529525349762e-13,
        -0.9963476061820984,
        -0.08539009094238281
      ]
    },
    "head": [
      6.938632382484764e-16,
      -0.0037754857912659645,
      1.1784679889678955
    ],
    "head_local": [
      6.938632382484764e-16,
      -0.0037754857912659645,
      1.1784679889678955
    ],
    "parent_name": null,
    "tail": [
      1.9116803695595763e-09,
      -0.016435928642749786,
      1.3261924982070923
    ],
    "tail_local": [
      1.9116803695595763e-09,
      -0.016435928642749786,
      1.3261924982070923
    ]
  },
  "Shoulder.L": {
    "frame": {
      "x": [
        -2.5317362428722845e-07,
        -0.12028642743825912,
        0.992739200592041
      ],
      "y": [
        1.0,
        -1.8871389784180792e-08,
        2.717480924729898e-07
      ],
      "z": [
        -1.3953211919215391e-08,
        0.992739200592041,
        0.12028642743825912
      ]
    },
    "head": [
      0.03572024777531624,
      -0.022443737834692,
      1.636237621307373
    ],
    "head_local": [
      0.03572024032473564,
      -0.0015914328396320343,
      0.04325873404741287
    ],
    "parent_name": "Chest",
    "tail": [
      0.1590977907180786,
      -0.022443771362304688,
      1.636237621307373
    ],
    "tail_local": [
      0.1590977907180786,
      -0.0015914351679384708,
      0.04325876757502556
    ]
  },
  "Shoulder.R": {
    "frame": {
      "x": [
        4.9205777230554304e-08,
        0.12028671056032181,
        -0.9927390813827515
      ],
      "y": [
        -0.9999998211860657,
        -2.2645735953119583e-08,
        9.058295091790569e-08
      ],
      "z": [
        -1.1585406411995791e-08,
        0.9927391409873962,
        0.1202867180109024
      ]
    },
    "head": [
      -0.035720232874155045,
      -0.022443737834692,
      1.636237621307373
    ],
    "head_local": [
      -0.03572024032473564,
      -0.001591433770954609,
      0.04325873404741287
    ],
    "parent_name": "Chest",
    "tail": [
      -0.15909741818904877,
      -0.022443749010562897,
      1.636237621307373
    ],
    "tail_local": [
      -0.15909741818904877,
      -0.0015914365649223328,
      0.04325874522328377
    ]
  },
  "UpperArm.L": {
    "frame": {
      "x": [
        -9.982392157326103e-07,
        1.7553128728309275e-08,
        -1.0
      ],
      "y": [
        -0.17365117371082306,
        0.9848071336746216,
        1.9371492498976295e-07
      ],
      "z": [
        0.9848071932792664,
        0.17365118861198425,
        -9.821138746701763e-07
      ]
    },
    "head": [
      0.15909774601459503,
      0.046319667249917984,
      1.636237621307373
    ],
    "head_local": [
      -0.06876344233751297,
      -6.221696224883999e-08,
      6.967655252765326e-08
    ],
    "parent_name": "Shoulder.L",
    "tail": [
      0.48057126998901367,
      0.10300503671169281,
      1.636237621307373
    ],
    "tail_local": [
      -0.12544891238212585,
      0.32147344946861267,
      1.2665684323565074e-07
    ]
  },
  "UpperArm.R": {
    "frame": {
      "x": [
        -5.201208637117816e-07,
        -3.169487428067441e-08,
        1.0
      ],
      "y": [
        0.1736510843038559,
        0.9848072528839111,
        1.1920922560193503e-07
      ],
      "z": [
        -0.9848072528839111,
        0.1736510843038559,
        -5.096499648971076e-07
      ]
    },
    "head": [
      -0.15909740328788757,
      0.04631967470049858,
      1.636237621307373
    ],
    "head_local": [
      0.06876342743635178,
      -1.1413217038125367e-08,
      4.969577105384815e-08
    ],
    "parent_name": "Shoulder.R",
    "tail": [
      -0.48057088255882263,
      0.1030050739645958,
      1.636237621307373
    ],
    "tail_local": [
      0.12544886767864227,
      0.3214735686779022,
      9.035928627554313e-08
    ]
  }
}